<?xml version="1.0" encoding="UTF-8"?>
<!-- Generated by org.testng.reporters.JUnitReportReporter -->
<testsuite name="com.qa.tests.restApi" tests="1" time="0.612" ignored="0" failures="0" timestamp="03 Apr 2018 18:46:30 GMT" skipped="0" hostname="LAPTOP-J3P1GSBT" errors="0">
  <testcase name="getcall" time="0.612" classname="com.qa.tests.restApi"/>
</testsuite> <!-- com.qa.tests.restApi -->
